<?xml version="1.0" encoding="UTF-8"?>
<!-- Generated by org.testng.reporters.JUnitReportReporter -->
<testsuite hostname="DESKTOP-OJD6TFS" name="com.shoaib.selenium.TestNGBasics" tests="3" failures="0" timestamp="6 Oct 2020 20:32:58 GMT" time="0.005" errors="0">
  <testcase name="googleLogoTest" time="0.004" classname="com.shoaib.selenium.TestNGBasics"/>
  <testcase name="searchTest" time="0.000" classname="com.shoaib.selenium.TestNGBasics"/>
  <testcase name="googleTitleTest" time="0.001" classname="com.shoaib.selenium.TestNGBasics"/>
</testsuite> <!-- com.shoaib.selenium.TestNGBasics -->
